# JRE version: OpenJDK Runtime Environment Zulu21.36+17-CA (21.0.4+7) (build 21.0.4+7-LTS)
# Java VM: OpenJDK 64-Bit Server VM Zulu21.36+17-CA (21.0.4+7-LTS, mixed mode, emulated-client, sharing, tiered, compressed oops, compressed class ptrs, g1 gc, windows-amd64)
GC Precious Log:
 CardTable entry size: 512
 Card Set container configuration: InlinePtr #cards 5 size 8 Array Of Cards #cards 12 size 40 Howl #buckets 4 coarsen threshold 1843 Howl Bitmap #cards 512 size 80 coarsen threshold 460 Card regions per heap region 1 cards per card region 2048
 CPUs: 2 total, 2 available
 Memory: 8090M
 Large Page Support: Disabled
 NUMA Support: Disabled
 Compressed Oops: Enabled (32-bit)
 Heap Region Size: 1M
 Heap Min Capacity: 8M
 Heap Initial Capacity: 128M
 Heap Max Capacity: 2024M
 Pre-touch: Disabled
 Parallel Workers: 2
 Concurrent Workers: 1
 Concurrent Refinement Workers: 2
 Periodic GC: Disabled
Heap:
 garbage-first heap   total 35840K, used 22625K [0x0000000081800000, 0x0000000100000000)
  region size 1024K, 5 young (5120K), 2 survivors (2048K)
 Metaspace       used 38626K, committed 39296K, reserved 1114112K
  class space    used 4954K, committed 5248K, reserved 1048576K
GC Heap History (20 events):
Event: 14.136 GC heap before
{Heap before GC invocations=6 (full 0):
 garbage-first heap   total 34816K, used 23974K [0x0000000081800000, 0x0000000100000000)
  region size 1024K, 20 young (20480K), 5 survivors (5120K)
 Metaspace       used 23550K, committed 24000K, reserved 1114112K
  class space    used 2907K, committed 3136K, reserved 1048576K
}
Event: 14.151 GC heap after
{Heap after GC invocations=7 (full 0):
 garbage-first heap   total 34816K, used 10550K [0x0000000081800000, 0x0000000100000000)
  region size 1024K, 2 young (2048K), 2 survivors (2048K)
 Metaspace       used 23550K, committed 24000K, reserved 1114112K
  class space    used 2907K, committed 3136K, reserved 1048576K
}
Event: 14.847 GC heap before
{Heap before GC invocations=7 (full 0):
 garbage-first heap   total 34816K, used 25910K [0x0000000081800000, 0x0000000100000000)
  region size 1024K, 18 young (18432K), 2 survivors (2048K)
 Metaspace       used 26014K, committed 26432K, reserved 1114112K
  class space    used 3242K, committed 3456K, reserved 1048576K
}
Event: 14.854 GC heap after
{Heap after GC invocations=8 (full 0):
 garbage-first heap   total 34816K, used 11771K [0x0000000081800000, 0x0000000100000000)
  region size 1024K, 3 young (3072K), 3 survivors (3072K)
 Metaspace       used 26014K, committed 26432K, reserved 1114112K
  class space    used 3242K, committed 3456K, reserved 1048576K
}
Event: 15.743 GC heap before
{Heap before GC invocations=8 (full 0):
 garbage-first heap   total 34816K, used 26107K [0x0000000081800000, 0x0000000100000000)
  region size 1024K, 18 young (18432K), 3 survivors (3072K)
 Metaspace       used 27678K, committed 28096K, reserved 1114112K
  class space    used 3488K, committed 3648K, reserved 1048576K
}
Event: 15.753 GC heap after
{Heap after GC invocations=9 (full 0):
 garbage-first heap   total 34816K, used 13415K [0x0000000081800000, 0x0000000100000000)
  region size 1024K, 3 young (3072K), 3 survivors (3072K)
 Metaspace       used 27678K, committed 28096K, reserved 1114112K
  class space    used 3488K, committed 3648K, reserved 1048576K
}
Event: 17.281 GC heap before
{Heap before GC invocations=9 (full 0):
 garbage-first heap   total 34816K, used 26727K [0x0000000081800000, 0x0000000100000000)
  region size 1024K, 17 young (17408K), 3 survivors (3072K)
 Metaspace       used 29903K, committed 30400K, reserved 1114112K
  class space    used 3780K, committed 3968K, reserved 1048576K
}
Event: 17.291 GC heap after
{Heap after GC invocations=10 (full 0):
 garbage-first heap   total 34816K, used 14336K [0x0000000081800000, 0x0000000100000000)
  region size 1024K, 1 young (1024K), 1 survivors (1024K)
 Metaspace       used 29903K, committed 30400K, reserved 1114112K
  class space    used 3780K, committed 3968K, reserved 1048576K
}
Event: 18.416 GC heap before
{Heap before GC invocations=10 (full 0):
 garbage-first heap   total 34816K, used 28672K [0x0000000081800000, 0x0000000100000000)
  region size 1024K, 16 young (16384K), 1 survivors (1024K)
 Metaspace       used 32726K, committed 33280K, reserved 1114112K
  class space    used 4178K, committed 4416K, reserved 1048576K
}
Event: 18.424 GC heap after
{Heap after GC invocations=11 (full 0):
 garbage-first heap   total 34816K, used 16008K [0x0000000081800000, 0x0000000100000000)
  region size 1024K, 2 young (2048K), 2 survivors (2048K)
 Metaspace       used 32726K, committed 33280K, reserved 1114112K
  class space    used 4178K, committed 4416K, reserved 1048576K
}
Event: 19.448 GC heap before
{Heap before GC invocations=11 (full 0):
 garbage-first heap   total 34816K, used 29320K [0x0000000081800000, 0x0000000100000000)
  region size 1024K, 15 young (15360K), 2 survivors (2048K)
 Metaspace       used 34590K, committed 35200K, reserved 1114112K
  class space    used 4430K, committed 4672K, reserved 1048576K
}
Event: 19.458 GC heap after
{Heap after GC invocations=12 (full 0):
 garbage-first heap   total 34816K, used 17534K [0x0000000081800000, 0x0000000100000000)
  region size 1024K, 2 young (2048K), 2 survivors (2048K)
 Metaspace       used 34590K, committed 35200K, reserved 1114112K
  class space    used 4430K, committed 4672K, reserved 1048576K
}
Event: 19.811 GC heap before
{Heap before GC invocations=12 (full 0):
 garbage-first heap   total 34816K, used 22654K [0x0000000081800000, 0x0000000100000000)
  region size 1024K, 8 young (8192K), 2 survivors (2048K)
 Metaspace       used 35433K, committed 35968K, reserved 1114112K
  class space    used 4539K, committed 4800K, reserved 1048576K
}
Event: 19.818 GC heap after
{Heap after GC invocations=13 (full 0):
 garbage-first heap   total 34816K, used 18419K [0x0000000081800000, 0x0000000100000000)
  region size 1024K, 1 young (1024K), 1 survivors (1024K)
 Metaspace       used 35433K, committed 35968K, reserved 1114112K
  class space    used 4539K, committed 4800K, reserved 1048576K
}
Event: 52.233 GC heap before
{Heap before GC invocations=14 (full 0):
 garbage-first heap   total 34816K, used 29683K [0x0000000081800000, 0x0000000100000000)
  region size 1024K, 12 young (12288K), 1 survivors (1024K)
 Metaspace       used 37007K, committed 37632K, reserved 1114112K
  class space    used 4765K, committed 5056K, reserved 1048576K
}
Event: 52.240 GC heap after
{Heap after GC invocations=15 (full 0):
 garbage-first heap   total 34816K, used 19138K [0x0000000081800000, 0x0000000100000000)
  region size 1024K, 2 young (2048K), 2 survivors (2048K)
 Metaspace       used 37007K, committed 37632K, reserved 1114112K
  class space    used 4765K, committed 5056K, reserved 1048576K
}
Event: 129.615 GC heap before
{Heap before GC invocations=15 (full 0):
 garbage-first heap   total 34816K, used 28354K [0x0000000081800000, 0x0000000100000000)
  region size 1024K, 11 young (11264K), 2 survivors (2048K)
 Metaspace       used 37925K, committed 38464K, reserved 1114112K
  class space    used 4899K, committed 5120K, reserved 1048576K
}
Event: 129.626 GC heap after
{Heap after GC invocations=16 (full 0):
 garbage-first heap   total 34816K, used 19585K [0x0000000081800000, 0x0000000100000000)
  region size 1024K, 2 young (2048K), 2 survivors (2048K)
 Metaspace       used 37925K, committed 38464K, reserved 1114112K
  class space    used 4899K, committed 5120K, reserved 1048576K
}
Event: 130.369 GC heap before
{Heap before GC invocations=16 (full 0):
 garbage-first heap   total 34816K, used 28801K [0x0000000081800000, 0x0000000100000000)
  region size 1024K, 11 young (11264K), 2 survivors (2048K)
 Metaspace       used 38588K, committed 39232K, reserved 1114112K
  class space    used 4947K, committed 5248K, reserved 1048576K
}
Event: 130.388 GC heap after
{Heap after GC invocations=17 (full 0):
 garbage-first heap   total 34816K, used 20577K [0x0000000081800000, 0x0000000100000000)
  region size 1024K, 2 young (2048K), 2 survivors (2048K)
 Metaspace       used 38588K, committed 39232K, reserved 1114112K
  class space    used 4947K, committed 5248K, reserved 1048576K
}

